0 info it worked if it ends with ok
1 verbose cli [ 'c:\\Program Files\\nodejs\\node.exe',
1 verbose cli   'c:\\Program Files\\nodejs\\node_modules\\npm\\bin\\npm-cli.js',
1 verbose cli   'uninstall',
1 verbose cli   'node-sass' ]
2 info using npm@1.3.11
3 info using node@v0.10.21
4 info c:\cf_js\yummly-project\node_modules\node-sass unbuild
5 info preuninstall node-sass@0.7.0
6 info uninstall node-sass@0.7.0
7 verbose true,c:\cf_js\yummly-project\node_modules,c:\cf_js\yummly-project\node_modules unbuild node-sass@0.7.0
8 verbose c:\cf_js\yummly-project\node_modules\.bin,[object Object] binRoot
9 info postuninstall node-sass@0.7.0
10 error Error: ENOTEMPTY, rmdir 'c:\cf_js\yummly-project\node_modules\node-sass\node_modules\mocha'
11 error If you need help, you may report this log at:
11 error     <http://github.com/isaacs/npm/issues>
11 error or email it to:
11 error     <npm-@googlegroups.com>
12 error System Windows_NT 6.2.9200
13 error command "c:\\Program Files\\nodejs\\node.exe" "c:\\Program Files\\nodejs\\node_modules\\npm\\bin\\npm-cli.js" "uninstall" "node-sass"
14 error cwd c:\cf_js\yummly-project
15 error node -v v0.10.21
16 error npm -v 1.3.11
17 error path c:\cf_js\yummly-project\node_modules\node-sass\node_modules\mocha
18 error code ENOTEMPTY
19 error errno 53
20 verbose exit [ 53, true ]
